<?xml version="1.0" encoding="UTF-8"?>
<testsuite name="UserTests" tests="1" skipped="0" failures="0" errors="0" timestamp="2015-07-18T03:08:52" hostname="TOSHIBA-PC" time="2.513">
  <properties/>
  <testcase name="testGetUserById" classname="UserTests" time="2.513"/>
  <system-out><![CDATA[Hibernate: select user0_.Id as Id1_0_0_, user0_.Email as Email2_0_0_, user0_.FacebookId as Facebook3_0_0_, user0_.FirstName as FirstNam4_0_0_ from [User] user0_ where user0_.Id=?
user first name Noon
]]></system-out>
  <system-err><![CDATA[Jul 18, 2015 10:08:52 AM org.hibernate.annotations.common.reflection.java.JavaReflectionManager <clinit>
INFO: HCANN000001: Hibernate Commons Annotations {4.0.5.Final}
Jul 18, 2015 10:08:52 AM org.hibernate.Version logVersion
INFO: HHH000412: Hibernate Core {4.3.6.Final}
Jul 18, 2015 10:08:52 AM org.hibernate.cfg.Environment <clinit>
INFO: HHH000206: hibernate.properties not found
Jul 18, 2015 10:08:52 AM org.hibernate.cfg.Environment buildBytecodeProvider
INFO: HHH000021: Bytecode provider name : javassist
Jul 18, 2015 10:08:52 AM org.hibernate.cfg.Configuration configure
INFO: HHH000043: Configuring from resource: /hibernate.cfg.xml
Jul 18, 2015 10:08:52 AM org.hibernate.cfg.Configuration getConfigurationInputStream
INFO: HHH000040: Configuration resource: /hibernate.cfg.xml
Jul 18, 2015 10:08:52 AM org.hibernate.internal.util.xml.DTDEntityResolver resolveEntity
WARN: HHH000223: Recognized obsolete hibernate namespace http://hibernate.sourceforge.net/. Use namespace http://www.hibernate.org/dtd/ instead. Refer to Hibernate 3.6 Migration Guide!
Jul 18, 2015 10:08:52 AM org.hibernate.cfg.Configuration doConfigure
INFO: HHH000041: Configured SessionFactory: null
Jul 18, 2015 10:08:52 AM org.hibernate.engine.jdbc.connections.internal.DriverManagerConnectionProviderImpl configure
WARN: HHH000402: Using Hibernate built-in connection pool (not for production use!)
Jul 18, 2015 10:08:52 AM org.hibernate.engine.jdbc.connections.internal.DriverManagerConnectionProviderImpl buildCreator
INFO: HHH000401: using driver [com.microsoft.sqlserver.jdbc.SQLServerDriver] at URL [jdbc:sqlserver://localhost\SQLEXPRESS:1433;databaseName=TestDb]
Jul 18, 2015 10:08:52 AM org.hibernate.engine.jdbc.connections.internal.DriverManagerConnectionProviderImpl buildCreator
INFO: HHH000046: Connection properties: {user=sa, password=****}
Jul 18, 2015 10:08:52 AM org.hibernate.engine.jdbc.connections.internal.DriverManagerConnectionProviderImpl buildCreator
INFO: HHH000006: Autocommit mode: false
Jul 18, 2015 10:08:52 AM org.hibernate.engine.jdbc.connections.internal.DriverManagerConnectionProviderImpl configure
INFO: HHH000115: Hibernate connection pool size: 10 (min=1)
Jul 18, 2015 10:08:53 AM org.hibernate.dialect.Dialect <init>
INFO: HHH000400: Using dialect: org.hibernate.dialect.SQLServerDialect
Jul 18, 2015 10:08:53 AM org.hibernate.engine.transaction.internal.TransactionFactoryInitiator initiateService
INFO: HHH000399: Using default transaction strategy (direct JDBC transactions)
Jul 18, 2015 10:08:53 AM org.hibernate.hql.internal.ast.ASTQueryTranslatorFactory <init>
INFO: HHH000397: Using ASTQueryTranslatorFactory
Jul 18, 2015 10:08:53 AM org.hibernate.tool.hbm2ddl.SchemaUpdate execute
INFO: HHH000228: Running hbm2ddl schema update
Jul 18, 2015 10:08:53 AM org.hibernate.tool.hbm2ddl.SchemaUpdate execute
INFO: HHH000102: Fetching database metadata
Jul 18, 2015 10:08:53 AM org.hibernate.tool.hbm2ddl.SchemaUpdate execute
INFO: HHH000396: Updating schema
Jul 18, 2015 10:08:54 AM org.hibernate.tool.hbm2ddl.TableMetadata <init>
INFO: HHH000261: Table found: TestDb.dbo.User
Jul 18, 2015 10:08:54 AM org.hibernate.tool.hbm2ddl.TableMetadata <init>
INFO: HHH000037: Columns: [relationshipstatus, facebookaccesstoken, clientversion, phonenotificationtoken, isprofilecompleted, mobilecarriercode, subscriptionexpireddate, stripecustomerid, streampostactivitycount, clientipaddress, college, createdate, dateofbirth, isalreadyenabledtimetravel, customertype, lastupdate, religion_id, isuseddefaultcountrycity, height, mobilenumber, isdeleted, timezoneoffset, longitude, credit, isdeactivated, aboutme, allprofilephotos, occupation, invalidfbtokencount, ethnicity_id, facebookid, setistargetedtofalsereason, email, islatlonfrommobilegps, language, latitude, ispushtokenvalid, interestedin, islatlonfromfacebookcurrentcountrycity, subscriptionstatus, highschool, sex, activescore, macaddress, employer, lastname, graduateschool, istargeted, usersource, setisdeletedtotruereason, city_id, id, rate, deviceplatform, malefriendscount, country_id, islatlonfromipaddress, firstname, femalefriendscount, islatlonfromdefault, showedprofilephotos, subscriptioncreatedate, isuseddefaulttimezoneoffset, guid, isdeltascorecached, friendsfromcountrycount, mobilecarriername, isenabletimetravel]
Jul 18, 2015 10:08:54 AM org.hibernate.tool.hbm2ddl.TableMetadata <init>
INFO: HHH000108: Foreign keys: []
Jul 18, 2015 10:08:54 AM org.hibernate.tool.hbm2ddl.TableMetadata <init>
INFO: HHH000126: Indexes: [pk__user__3214ec075d82ccb4, uq__user__a9d10534605f395f, uq__user__4d656465633ba60a]
Jul 18, 2015 10:08:54 AM org.hibernate.tool.hbm2ddl.SchemaUpdate execute
INFO: HHH000232: Schema update complete
]]></system-err>
</testsuite>
